predict_average_confident: 10.4100	target_average: 5.6100	
predict_average_confident: 10.4850	target_average: 5.3800	
predict_average_confident: 10.7400	target_average: 5.6000	
predict_average_confident: 9.9150	target_average: 5.1700	
predict_average_confident: 10.2800	target_average: 5.5700	
predict_average_confident: 10.9650	target_average: 5.5950	
predict_average_confident: 10.2400	target_average: 5.4150	
predict_average_confident: 10.0550	target_average: 5.4250	
predict_average_confident: 10.2600	target_average: 5.3350	
predict_average_confident: 10.4350	target_average: 5.5700	
predict_average_confident: 10.7500	target_average: 5.6950	
predict_average_confident: 9.8500	target_average: 5.2850	
predict_average_confident: 10.8450	target_average: 5.7500	
predict_average_confident: 9.9800	target_average: 5.1650	
predict_average_confident: 10.5800	target_average: 5.6500	
predict_average_confident: 10.8800	target_average: 5.5700	
predict_average_confident: 10.3950	target_average: 5.4750	
predict_average_confident: 10.7550	target_average: 5.5200	
predict_average_confident: 11.0600	target_average: 5.8100	
predict_average_confident: 10.6200	target_average: 5.5950	
predict_average_confident: 11.4600	target_average: 5.6750	
predict_average_confident: 9.5300	target_average: 5.1150	
predict_average_confident: 10.4550	target_average: 5.6350	
predict_average_confident: 10.6150	target_average: 5.6600	
predict_average_confident: 10.1650	target_average: 5.5200	
predict_average_confident: 10.0650	target_average: 5.4200	
predict_average_confident: 9.5050	target_average: 5.3450	
predict_average_confident: 9.9050	target_average: 5.5100	
predict_average_confident: 10.6400	target_average: 5.7150	
predict_average_confident: 11.0350	target_average: 5.8150	
predict_average_confident: 10.3250	target_average: 5.5150	
predict_average_confident: 10.6200	target_average: 5.4850	
predict_average_confident: 10.5400	target_average: 5.4750	
predict_average_confident: 10.2000	target_average: 5.4450	
predict_average_confident: 10.3350	target_average: 5.3400	
predict_average_confident: 10.5000	target_average: 5.5950	
predict_average_confident: 10.5100	target_average: 5.6600	
predict_average_confident: 11.4550	target_average: 5.7650	
predict_average_confident: 10.1550	target_average: 5.5100	
predict_average_confident: 10.3900	target_average: 5.4550	
predict_average_confident: 10.2000	target_average: 5.5100	
predict_average_confident: 10.8750	target_average: 5.6150	
predict_average_confident: 10.3500	target_average: 5.4050	
predict_average_confident: 9.9250	target_average: 5.3800	
predict_average_confident: 11.2750	target_average: 6.0300	
predict_average_confident: 11.0650	target_average: 5.8450	
predict_average_confident: 10.3850	target_average: 5.6950	
predict_average_confident: 9.7700	target_average: 5.4150	
predict_average_confident: 11.0650	target_average: 5.8000	
predict_average_confident: 10.0650	target_average: 5.5450	
predict_average_confident: 10.2350	target_average: 5.3700	
predict_average_confident: 11.2200	target_average: 5.8600	
predict_average_confident: 11.3900	target_average: 5.9000	
predict_average_confident: 9.9000	target_average: 5.3150	
predict_average_confident: 11.0700	target_average: 5.8150	
predict_average_confident: 10.6500	target_average: 5.6200	
predict_average_confident: 10.3600	target_average: 5.4050	
predict_average_confident: 10.0750	target_average: 5.3350	
predict_average_confident: 10.0850	target_average: 5.3200	
predict_average_confident: 11.1650	target_average: 5.8800	
predict_average_confident: 10.4050	target_average: 5.6150	
predict_average_confident: 10.8650	target_average: 5.7800	
predict_average_confident: 11.7900	target_average: 6.1100	
predict_average_confident: 10.3750	target_average: 5.4700	
predict_average_confident: 10.3550	target_average: 5.3900	
predict_average_confident: 10.7450	target_average: 5.6500	
predict_average_confident: 9.9750	target_average: 5.2650	
predict_average_confident: 10.1000	target_average: 5.2750	
predict_average_confident: 10.7150	target_average: 5.8450	
predict_average_confident: 9.8200	target_average: 5.2200	
predict_average_confident: 10.0500	target_average: 5.4700	
predict_average_confident: 9.2750	target_average: 5.1200	
predict_average_confident: 9.9750	target_average: 5.4250	
predict_average_confident: 10.1050	target_average: 5.4450	
predict_average_confident: 9.7250	target_average: 5.4100	
predict_average_confident: 10.6000	target_average: 5.6900	
predict_average_confident: 10.2550	target_average: 5.4800	
predict_average_confident: 10.7000	target_average: 5.7750	
predict_average_confident: 10.7800	target_average: 5.7450	
predict_average_confident: 10.5250	target_average: 5.7300	
predict_average_confident: 9.9850	target_average: 5.3850	
predict_average_confident: 10.7250	target_average: 5.6200	
predict_average_confident: 9.9600	target_average: 5.3250	
predict_average_confident: 9.9400	target_average: 5.3200	
predict_average_confident: 10.8550	target_average: 5.6000	
predict_average_confident: 10.9950	target_average: 5.8050	
predict_average_confident: 10.1950	target_average: 5.5250	
predict_average_confident: 10.5000	target_average: 5.7100	
predict_average_confident: 9.6750	target_average: 5.2900	
predict_average_confident: 10.2100	target_average: 5.4950	
predict_average_confident: 9.9250	target_average: 5.4150	
predict_average_confident: 9.7750	target_average: 5.3050	
predict_average_confident: 9.9800	target_average: 5.5200	
predict_average_confident: 10.5750	target_average: 5.5900	
predict_average_confident: 10.9700	target_average: 5.6400	
predict_average_confident: 11.5800	target_average: 5.9900	
predict_average_confident: 10.1650	target_average: 5.2750	
predict_average_confident: 10.3800	target_average: 5.5700	
predict_average_confident: 10.2750	target_average: 5.4950	
predict_average_confident: 10.9650	target_average: 5.7950	
predict_average_confident: 11.3250	target_average: 5.8100	
predict_average_confident: 10.5650	target_average: 5.6300	
predict_average_confident: 10.1500	target_average: 5.2900	
predict_average_confident: 10.7800	target_average: 5.5450	
predict_average_confident: 10.4100	target_average: 5.4650	
predict_average_confident: 10.1500	target_average: 5.3250	
predict_average_confident: 10.2350	target_average: 5.5100	
predict_average_confident: 9.7500	target_average: 5.2650	
predict_average_confident: 10.2400	target_average: 5.3800	
predict_average_confident: 9.9250	target_average: 5.3000	
predict_average_confident: 11.0750	target_average: 5.8950	
predict_average_confident: 10.2550	target_average: 5.5550	
predict_average_confident: 10.5550	target_average: 5.6850	
predict_average_confident: 9.5050	target_average: 5.2100	
predict_average_confident: 10.3450	target_average: 5.5800	
predict_average_confident: 10.1250	target_average: 5.4000	
predict_average_confident: 10.2750	target_average: 5.5950	
predict_average_confident: 9.9850	target_average: 5.4850	
predict_average_confident: 9.8650	target_average: 5.4750	
predict_average_confident: 9.8300	target_average: 5.4600	
predict_average_confident: 9.8200	target_average: 5.3650	
predict_average_confident: 10.2650	target_average: 5.6150	
predict_average_confident: 10.0400	target_average: 5.3550	
predict_average_confident: 10.0600	target_average: 5.4000	
predict_average_confident: 10.1300	target_average: 5.5150	
predict_average_confident: 10.1800	target_average: 5.4100	
predict_average_confident: 10.4750	target_average: 5.3650	
predict_average_confident: 10.5650	target_average: 5.6700	
predict_average_confident: 10.4750	target_average: 5.5100	
predict_average_confident: 10.9400	target_average: 5.8700	
predict_average_confident: 11.0700	target_average: 5.9450	
predict_average_confident: 10.3700	target_average: 5.5000	
predict_average_confident: 10.6650	target_average: 5.6400	
predict_average_confident: 11.4900	target_average: 5.6900	
predict_average_confident: 9.7950	target_average: 5.3750	
predict_average_confident: 10.4300	target_average: 5.5000	
predict_average_confident: 10.3950	target_average: 5.5450	
predict_average_confident: 9.8550	target_average: 5.3750	
predict_average_confident: 10.3500	target_average: 5.6400	
predict_average_confident: 9.9400	target_average: 5.6400	
predict_average_confident: 10.4950	target_average: 5.8250	
predict_average_confident: 9.8850	target_average: 5.4400	
predict_average_confident: 10.2900	target_average: 5.4150	
predict_average_confident: 10.3350	target_average: 5.4500	
predict_average_confident: 10.2150	target_average: 5.5200	
predict_average_confident: 10.4550	target_average: 5.6450	
predict_average_confident: 10.4300	target_average: 5.8050	
predict_average_confident: 10.2900	target_average: 5.6100	
predict_average_confident: 10.0400	target_average: 5.2400	
predict_average_confident: 10.4750	target_average: 5.5350	
predict_average_confident: 10.3650	target_average: 5.6450	
predict_average_confident: 10.4900	target_average: 5.5700	
predict_average_confident: 9.8750	target_average: 5.3500	
predict_average_confident: 10.3200	target_average: 5.4700	
predict_average_confident: 10.1050	target_average: 5.2950	
predict_average_confident: 10.3000	target_average: 5.5350	
predict_average_confident: 10.2100	target_average: 5.3350	
predict_average_confident: 11.4200	target_average: 5.8850	
predict_average_confident: 10.3250	target_average: 5.5850	
predict_average_confident: 10.4150	target_average: 5.6950	
predict_average_confident: 10.2650	target_average: 5.4000	
predict_average_confident: 10.4750	target_average: 5.5650	
predict_average_confident: 10.5150	target_average: 5.7300	
predict_average_confident: 10.9200	target_average: 5.9100	
predict_average_confident: 10.9600	target_average: 5.7700	
predict_average_confident: 10.6150	target_average: 5.6000	
predict_average_confident: 11.1050	target_average: 5.7500	
predict_average_confident: 10.9950	target_average: 5.7250	
predict_average_confident: 10.0850	target_average: 5.5600	
predict_average_confident: 10.8600	target_average: 5.7600	
predict_average_confident: 10.0250	target_average: 5.4500	
predict_average_confident: 10.9600	target_average: 5.9850	
predict_average_confident: 10.0550	target_average: 5.4450	
predict_average_confident: 10.5800	target_average: 5.4900	
predict_average_confident: 10.5650	target_average: 5.5550	
predict_average_confident: 11.4400	target_average: 5.8150	
predict_average_confident: 10.5050	target_average: 5.4550	
predict_average_confident: 10.8300	target_average: 5.7800	
predict_average_confident: 10.1150	target_average: 5.3150	
predict_average_confident: 9.7350	target_average: 5.0950	
predict_average_confident: 10.2850	target_average: 5.5100	
predict_average_confident: 10.8650	target_average: 5.7600	
predict_average_confident: 10.3850	target_average: 5.6250	
predict_average_confident: 10.2150	target_average: 5.5700	
predict_average_confident: 9.9400	target_average: 5.4600	
predict_average_confident: 11.3450	target_average: 5.9350	
predict_average_confident: 10.4750	target_average: 5.6950	
predict_average_confident: 11.0550	target_average: 5.7750	
predict_average_confident: 10.1850	target_average: 5.4500	
predict_average_confident: 10.1550	target_average: 5.7750	
predict_average_confident: 10.2850	target_average: 5.5050	
predict_average_confident: 10.2400	target_average: 5.5000	
predict_average_confident: 9.6350	target_average: 5.4100	
predict_average_confident: 9.9600	target_average: 5.3650	
predict_average_confident: 10.5050	target_average: 5.6550	
predict_average_confident: 10.1700	target_average: 5.5500	
predict_average_confident: 9.8500	target_average: 5.2300	
predict_average_confident: 9.9250	target_average: 5.4200	
predict_average_confident: 10.2950	target_average: 5.5650	
predict_average_confident: 9.8600	target_average: 5.2750	
predict_average_confident: 10.1200	target_average: 5.2850	
predict_average_confident: 10.0700	target_average: 5.6550	
predict_average_confident: 10.3850	target_average: 5.6100	
predict_average_confident: 10.1350	target_average: 5.4450	
predict_average_confident: 9.9100	target_average: 5.4250	
predict_average_confident: 10.9500	target_average: 5.8100	
predict_average_confident: 10.0250	target_average: 5.4250	
predict_average_confident: 9.6900	target_average: 5.2950	
predict_average_confident: 10.5250	target_average: 5.6150	
predict_average_confident: 10.9400	target_average: 5.7400	
predict_average_confident: 10.0800	target_average: 5.3350	
predict_average_confident: 10.6450	target_average: 5.5900	
predict_average_confident: 10.4900	target_average: 5.5600	
predict_average_confident: 10.4050	target_average: 5.6200	
predict_average_confident: 10.8800	target_average: 5.8500	
predict_average_confident: 9.9800	target_average: 5.4100	
predict_average_confident: 10.2050	target_average: 5.5550	
predict_average_confident: 10.4600	target_average: 5.6250	
predict_average_confident: 10.3100	target_average: 5.5700	
predict_average_confident: 9.8550	target_average: 5.3800	
predict_average_confident: 10.7900	target_average: 5.6800	
predict_average_confident: 9.9700	target_average: 5.4100	
predict_average_confident: 10.7300	target_average: 5.7300	
predict_average_confident: 9.6650	target_average: 5.0700	
predict_average_confident: 10.2000	target_average: 5.5500	
predict_average_confident: 10.6650	target_average: 5.8200	
predict_average_confident: 10.0000	target_average: 5.5300	
predict_average_confident: 10.1550	target_average: 5.5800	
predict_average_confident: 10.1750	target_average: 5.5200	
predict_average_confident: 9.8700	target_average: 5.5000	
predict_average_confident: 9.8900	target_average: 5.5000	
predict_average_confident: 10.3750	target_average: 5.7150	
predict_average_confident: 11.1150	target_average: 5.8350	
predict_average_confident: 9.7750	target_average: 5.2600	
predict_average_confident: 10.2200	target_average: 5.4550	
predict_average_confident: 10.2900	target_average: 5.4800	
predict_average_confident: 9.9250	target_average: 5.3600	
predict_average_confident: 10.2150	target_average: 5.4000	
predict_average_confident: 10.0100	target_average: 5.5350	
predict_average_confident: 10.2400	target_average: 5.3550	
predict_average_confident: 9.9750	target_average: 5.4850	
predict_average_confident: 9.8800	target_average: 5.3250	
predict_average_confident: 10.4300	target_average: 5.5700	
predict_average_confident: 10.1750	target_average: 5.6400	
predict_average_confident: 10.7950	target_average: 5.6750	
predict_average_confident: 10.4150	target_average: 5.4700	
predict_average_confident: 10.0600	target_average: 5.3900	
predict_average_confident: 10.4100	target_average: 5.4750	
predict_average_confident: 10.8200	target_average: 5.6650	
predict_average_confident: 9.8750	target_average: 5.4400	
predict_average_confident: 10.2200	target_average: 5.4300	
predict_average_confident: 10.1200	target_average: 5.4800	
predict_average_confident: 10.6050	target_average: 5.5400	
predict_average_confident: 10.4550	target_average: 5.7800	
predict_average_confident: 9.7400	target_average: 5.3250	
predict_average_confident: 10.4550	target_average: 5.5700	
predict_average_confident: 10.2850	target_average: 5.4150	
predict_average_confident: 10.7900	target_average: 5.6000	
predict_average_confident: 10.5400	target_average: 5.6300	
predict_average_confident: 10.7650	target_average: 5.5150	
predict_average_confident: 11.1400	target_average: 5.7000	
predict_average_confident: 10.6550	target_average: 5.5300	
predict_average_confident: 10.0700	target_average: 5.3850	
predict_average_confident: 11.2450	target_average: 5.6200	
predict_average_confident: 10.1050	target_average: 5.3050	
predict_average_confident: 11.0350	target_average: 5.8000	
predict_average_confident: 10.1750	target_average: 5.5050	
predict_average_confident: 10.3650	target_average: 5.5700	
predict_average_confident: 10.8000	target_average: 5.8100	
predict_average_confident: 10.2100	target_average: 5.5650	
predict_average_confident: 10.3400	target_average: 5.5800	
predict_average_confident: 9.5750	target_average: 5.3350	
predict_average_confident: 10.6550	target_average: 5.5150	
predict_average_confident: 10.8650	target_average: 5.5650	
predict_average_confident: 9.9800	target_average: 5.3950	
predict_average_confident: 10.6200	target_average: 5.4700	
predict_average_confident: 9.7150	target_average: 5.4350	
predict_average_confident: 10.3000	target_average: 5.5550	
predict_average_confident: 10.2250	target_average: 5.4550	
predict_average_confident: 10.6000	target_average: 5.6100	
predict_average_confident: 11.6650	target_average: 6.0750	
predict_average_confident: 10.9450	target_average: 5.5550	
predict_average_confident: 10.7200	target_average: 5.4600	
predict_average_confident: 10.0800	target_average: 5.3900	
predict_average_confident: 10.4000	target_average: 5.5050	
predict_average_confident: 10.6750	target_average: 5.6600	
predict_average_confident: 11.1050	target_average: 5.7800	
predict_average_confident: 10.0450	target_average: 5.4150	
predict_average_confident: 10.8050	target_average: 5.6700	
predict_average_confident: 10.5750	target_average: 5.5650	
predict_average_confident: 10.4400	target_average: 5.3650	
predict_average_confident: 10.2550	target_average: 5.4250	
predict_average_confident: 10.7800	target_average: 5.8500	
predict_average_confident: 9.9700	target_average: 5.3700	
predict_average_confident: 10.5500	target_average: 5.7800	
predict_average_confident: 10.4000	target_average: 5.6550	
predict_average_confident: 10.5300	target_average: 5.6800	
predict_average_confident: 10.3550	target_average: 5.7050	
predict_average_confident: 10.4500	target_average: 5.6200	
predict_average_confident: 10.6700	target_average: 5.7750	
predict_average_confident: 10.9350	target_average: 5.8600	
predict_average_confident: 10.2300	target_average: 5.4350	
predict_average_confident: 10.2200	target_average: 5.6550	
predict_average_confident: 10.2750	target_average: 5.4650	
predict_average_confident: 10.4500	target_average: 5.4850	
predict_average_confident: 11.3450	target_average: 5.8650	
predict_average_confident: 11.0050	target_average: 5.6350	
predict_average_confident: 9.9750	target_average: 5.1500	
predict_average_confident: 10.0200	target_average: 5.3600	
predict_average_confident: 9.8250	target_average: 5.3650	
predict_average_confident: 11.2000	target_average: 5.9600	
predict_average_confident: 9.5700	target_average: 5.2950	
predict_average_confident: 10.3450	target_average: 5.4900	
predict_average_confident: 10.3850	target_average: 5.5050	
predict_average_confident: 10.4550	target_average: 5.7750	
predict_average_confident: 10.3700	target_average: 5.5500	
predict_average_confident: 10.2500	target_average: 5.5100	
predict_average_confident: 10.4500	target_average: 5.6000	
predict_average_confident: 10.9750	target_average: 5.9000	
predict_average_confident: 10.2650	target_average: 5.4800	
predict_average_confident: 10.1950	target_average: 5.5400	
predict_average_confident: 10.1400	target_average: 5.5400	
predict_average_confident: 9.4650	target_average: 5.1650	
predict_average_confident: 9.5900	target_average: 5.2300	
predict_average_confident: 10.2250	target_average: 5.6700	
predict_average_confident: 9.5000	target_average: 5.3100	
predict_average_confident: 10.0150	target_average: 5.4950	
predict_average_confident: 9.8400	target_average: 5.3750	
predict_average_confident: 9.6450	target_average: 5.2050	
predict_average_confident: 10.2800	target_average: 5.4900	
predict_average_confident: 11.4450	target_average: 6.0300	
predict_average_confident: 10.5200	target_average: 5.6550	
predict_average_confident: 11.2250	target_average: 5.6400	
predict_average_confident: 10.0650	target_average: 5.3450	
predict_average_confident: 11.0550	target_average: 5.7650	
predict_average_confident: 10.8700	target_average: 5.7000	
predict_average_confident: 10.4050	target_average: 5.6400	
predict_average_confident: 10.4900	target_average: 5.4950	
predict_average_confident: 10.1650	target_average: 5.5900	
predict_average_confident: 10.3450	target_average: 5.6100	
predict_average_confident: 10.6900	target_average: 5.6200	
predict_average_confident: 10.7700	target_average: 5.5150	
predict_average_confident: 10.6150	target_average: 5.7000	
predict_average_confident: 10.2000	target_average: 5.3250	
predict_average_confident: 10.6300	target_average: 5.7300	
predict_average_confident: 9.4550	target_average: 5.0150	
predict_average_confident: 10.2400	target_average: 5.4800	
predict_average_confident: 9.7450	target_average: 5.4900	
predict_average_confident: 9.9350	target_average: 5.2450	
predict_average_confident: 9.9400	target_average: 5.4050	
predict_average_confident: 9.7750	target_average: 5.4700	
predict_average_confident: 10.3000	target_average: 5.6550	
predict_average_confident: 11.0250	target_average: 5.7000	
predict_average_confident: 10.9800	target_average: 5.7250	
predict_average_confident: 10.3250	target_average: 5.7450	
predict_average_confident: 10.1600	target_average: 5.6100	
predict_average_confident: 10.9900	target_average: 5.7700	
predict_average_confident: 10.5300	target_average: 5.5000	
predict_average_confident: 10.6450	target_average: 5.6750	
predict_average_confident: 10.4300	target_average: 5.6500	
predict_average_confident: 10.6350	target_average: 5.6300	
predict_average_confident: 11.0650	target_average: 5.7050	
predict_average_confident: 10.2350	target_average: 5.4050	
predict_average_confident: 10.4950	target_average: 5.5850	
predict_average_confident: 10.1600	target_average: 5.5000	
predict_average_confident: 9.9900	target_average: 5.3100	
predict_average_confident: 10.3650	target_average: 5.7300	
predict_average_confident: 10.2600	target_average: 5.4500	
predict_average_confident: 9.5950	target_average: 5.0900	
predict_average_confident: 11.0050	target_average: 5.7400	
predict_average_confident: 10.6650	target_average: 5.5050	
predict_average_confident: 10.4950	target_average: 5.5400	
predict_average_confident: 9.8000	target_average: 5.2700	
predict_average_confident: 10.3400	target_average: 5.5600	
predict_average_confident: 9.9800	target_average: 5.4150	
predict_average_confident: 9.3600	target_average: 5.1950	
predict_average_confident: 10.8000	target_average: 5.7650	
predict_average_confident: 9.8200	target_average: 5.3650	
predict_average_confident: 9.9200	target_average: 5.2700	
predict_average_confident: 10.1700	target_average: 5.5850	
predict_average_confident: 10.6800	target_average: 5.6100	
predict_average_confident: 11.2100	target_average: 5.9550	
predict_average_confident: 10.1450	target_average: 5.3500	
predict_average_confident: 10.1100	target_average: 5.3850	
predict_average_confident: 9.6750	target_average: 5.2150	
predict_average_confident: 10.5450	target_average: 5.3200	
predict_average_confident: 10.9050	target_average: 5.6750	
predict_average_confident: 10.6850	target_average: 5.6200	
predict_average_confident: 10.5500	target_average: 5.5750	
predict_average_confident: 10.8300	target_average: 5.7750	
predict_average_confident: 9.7750	target_average: 5.2000	
predict_average_confident: 10.6650	target_average: 5.6200	
predict_average_confident: 10.4850	target_average: 5.5750	
predict_average_confident: 10.2000	target_average: 5.3250	
predict_average_confident: 10.8850	target_average: 5.5950	
predict_average_confident: 10.4600	target_average: 5.6400	
predict_average_confident: 10.5800	target_average: 5.6200	
predict_average_confident: 9.7250	target_average: 5.3150	
predict_average_confident: 10.2500	target_average: 5.4450	
predict_average_confident: 10.4600	target_average: 5.5050	
predict_average_confident: 10.1550	target_average: 5.5050	
predict_average_confident: 10.4100	target_average: 5.6300	
predict_average_confident: 10.3050	target_average: 5.5850	
predict_average_confident: 11.0350	target_average: 5.9550	
predict_average_confident: 10.2900	target_average: 5.6100	
predict_average_confident: 10.2500	target_average: 5.4300	
predict_average_confident: 10.5500	target_average: 5.5900	
predict_average_confident: 10.0750	target_average: 5.3400	
predict_average_confident: 10.2300	target_average: 5.4300	
predict_average_confident: 9.8150	target_average: 5.2650	
predict_average_confident: 10.8700	target_average: 5.6650	
predict_average_confident: 10.6800	target_average: 5.5200	
predict_average_confident: 9.7200	target_average: 5.2600	
predict_average_confident: 10.4750	target_average: 5.4650	
predict_average_confident: 9.9200	target_average: 5.3850	
predict_average_confident: 10.3150	target_average: 5.3950	
predict_average_confident: 10.2450	target_average: 5.3800	
predict_average_confident: 10.3400	target_average: 5.3550	
predict_average_confident: 11.0550	target_average: 5.7150	
predict_average_confident: 10.0650	target_average: 5.3400	
predict_average_confident: 10.0050	target_average: 5.5250	
predict_average_confident: 10.8900	target_average: 5.7750	
predict_average_confident: 10.0900	target_average: 5.5050	
predict_average_confident: 10.3550	target_average: 5.5050	
predict_average_confident: 11.5950	target_average: 5.8700	
predict_average_confident: 10.6750	target_average: 5.7550	
predict_average_confident: 10.4400	target_average: 5.3850	
predict_average_confident: 10.5250	target_average: 5.3900	
predict_average_confident: 10.1300	target_average: 5.6050	
predict_average_confident: 10.5200	target_average: 5.5200	
predict_average_confident: 10.6500	target_average: 5.7350	
predict_average_confident: 9.6050	target_average: 5.3450	
predict_average_confident: 10.5250	target_average: 5.6250	
predict_average_confident: 10.7250	target_average: 5.7150	
predict_average_confident: 11.1150	target_average: 5.8200	
predict_average_confident: 10.3900	target_average: 5.4200	
predict_average_confident: 10.6000	target_average: 5.6950	
predict_average_confident: 9.8300	target_average: 5.1350	
predict_average_confident: 11.2150	target_average: 6.0500	
predict_average_confident: 10.3950	target_average: 5.3450	
predict_average_confident: 10.9200	target_average: 5.6450	
predict_average_confident: 9.9350	target_average: 5.3650	
predict_average_confident: 9.7500	target_average: 5.3600	
predict_average_confident: 10.0300	target_average: 5.3800	
predict_average_confident: 10.2300	target_average: 5.3300	
predict_average_confident: 10.0800	target_average: 5.3500	
predict_average_confident: 9.7650	target_average: 5.3350	
predict_average_confident: 10.1700	target_average: 5.5150	
predict_average_confident: 10.2350	target_average: 5.5100	
predict_average_confident: 10.7750	target_average: 5.6150	
predict_average_confident: 10.0400	target_average: 5.5000	
predict_average_confident: 10.7850	target_average: 5.8200	
predict_average_confident: 10.2050	target_average: 5.4650	
predict_average_confident: 10.2300	target_average: 5.5950	
predict_average_confident: 10.7300	target_average: 5.6750	
predict_average_confident: 10.6700	target_average: 5.8450	
predict_average_confident: 9.7700	target_average: 5.3200	
predict_average_confident: 11.0000	target_average: 5.7050	
predict_average_confident: 10.5200	target_average: 5.5650	
predict_average_confident: 10.9350	target_average: 5.7400	
predict_average_confident: 10.3050	target_average: 5.5150	
predict_average_confident: 10.7850	target_average: 5.9100	
predict_average_confident: 10.7050	target_average: 5.6200	
predict_average_confident: 10.2050	target_average: 5.4450	
predict_average_confident: 10.6150	target_average: 5.7200	
predict_average_confident: 10.3900	target_average: 5.4250	
predict_average_confident: 10.6000	target_average: 5.6850	
predict_average_confident: 10.2050	target_average: 5.4400	
predict_average_confident: 10.6150	target_average: 5.5800	
predict_average_confident: 10.3750	target_average: 5.6150	
predict_average_confident: 10.2800	target_average: 5.5050	
predict_average_confident: 11.5250	target_average: 5.8750	
predict_average_confident: 10.4550	target_average: 5.7100	
predict_average_confident: 10.7100	target_average: 5.4700	
predict_average_confident: 10.6300	target_average: 5.8400	
predict_average_confident: 10.4700	target_average: 5.4800	
predict_average_confident: 11.4400	target_average: 6.0350	
predict_average_confident: 9.9700	target_average: 5.3300	
predict_average_confident: 10.0400	target_average: 5.3750	
predict_average_confident: 10.4100	target_average: 5.3650	
predict_average_confident: 9.7700	target_average: 5.3750	
predict_average_confident: 10.4050	target_average: 5.5150	
predict_average_confident: 10.2050	target_average: 5.3400	
predict_average_confident: 10.2350	target_average: 5.5750	
predict_average_confident: 10.2250	target_average: 5.4950	
predict_average_confident: 10.6400	target_average: 5.5150	
predict_average_confident: 10.8250	target_average: 5.6850	
predict_average_confident: 10.6150	target_average: 5.5800	
predict_average_confident: 10.1450	target_average: 5.3300	
predict_average_confident: 9.7900	target_average: 5.3400	
predict_average_confident: 9.8700	target_average: 5.3600	
predict_average_confident: 10.4950	target_average: 5.5250	
predict_average_confident: 10.0050	target_average: 5.4400	
predict_average_confident: 10.4800	target_average: 5.3600	
predict_average_confident: 11.4350	target_average: 5.8550	
predict_average_confident: 11.0100	target_average: 5.8800	
predict_average_confident: 10.3000	target_average: 5.4050	
predict_average_confident: 10.2650	target_average: 5.5000	
predict_average_confident: 10.6500	target_average: 5.5700	
predict_average_confident: 10.9100	target_average: 5.7350	
predict_average_confident: 10.6550	target_average: 5.6100	
